<?xml version="1.0" encoding="UTF-8"?>
<!-- Generated by org.testng.reporters.JUnitReportReporter -->
<testsuite skipped="0" hostname="SRSTD32" name="filpkart_project.PurchaseFrige" tests="1" failures="0" timestamp="11 Apr 2017 07:48:20 GMT" time="12.672" errors="0">
  <testcase name="purchase" time="12.672" classname="filpkart_project.PurchaseFrige"/>
</testsuite> <!-- filpkart_project.PurchaseFrige -->
